2026.03.30 10:46:12 INFO  Started: Metals version 1.6.6 in folders '/home/v-guhan-techy/projects/sample-scala' for client Visual Studio Code 1.110.1.
2026.03.30 10:46:12 INFO  Memory monitor started
2026.03.30 10:46:13 WARN  Using H2 2.4.240 which is newer than the version Flyway has been verified with. The latest verified version of H2 is 2.3.232.
2026.03.30 10:46:28 INFO  no build target found for /home/v-guhan-techy/projects/sample-scala/app/views/index.scala.html. Using presentation compiler with project's scala-library version: 3.3.7
Mar 30, 2026 10:46:29 AM org.eclipse.lsp4j.jsonrpc.RemoteEndpoint handleCancellation
WARNING: Unmatched cancel notification for request id 1
2026.03.30 10:46:28 INFO  no build target found for /home/v-guhan-techy/projects/sample-scala/app/views/index.scala.html. Using presentation compiler with project's scala-library version: 3.3.7
2026.03.30 10:46:28 INFO  no build target found for /home/v-guhan-techy/projects/sample-scala/app/views/index.scala.html. Using presentation compiler with project's scala-library version: 3.3.7
Mar 30, 2026 10:46:29 AM org.eclipse.lsp4j.jsonrpc.RemoteEndpoint handleCancellation
WARNING: Unmatched cancel notification for request id 5
2026.03.30 10:46:28 INFO  no build target found for /home/v-guhan-techy/projects/sample-scala/app/views/index.scala.html. Using presentation compiler with project's scala-library version: 3.3.7
2026.03.30 10:46:30 INFO  no build target found for /home/v-guhan-techy/projects/sample-scala/app/views/index.scala.html. Using presentation compiler with project's scala-library version: 3.3.7
2026.03.30 10:46:30 INFO  no build target found for /home/v-guhan-techy/projects/sample-scala/app/views/index.scala.html. Using presentation compiler with project's scala-library version: 3.3.7
2026.03.30 10:46:30 INFO  no build target found for /home/v-guhan-techy/projects/sample-scala/app/views/index.scala.html. Using presentation compiler with project's scala-library version: 3.3.7
2026.03.30 10:46:30 INFO  no build target found for /home/v-guhan-techy/projects/sample-scala/app/views/index.scala.html. Using presentation compiler with project's scala-library version: 3.3.7
2026.03.30 10:46:30 INFO  no build target found for /home/v-guhan-techy/projects/sample-scala/app/views/index.scala.html. Using presentation compiler with project's scala-library version: 3.3.7
2026.03.30 10:46:33 INFO  no build target found for /home/v-guhan-techy/projects/sample-scala/app/views/index.scala.html. Using presentation compiler with project's scala-library version: 3.3.7
2026.03.30 10:46:33 INFO  no build target found for /home/v-guhan-techy/projects/sample-scala/app/views/main.scala.html. Using presentation compiler with project's scala-library version: 3.3.7
2026.03.30 10:46:33 INFO  no build target found for /home/v-guhan-techy/projects/sample-scala/app/views/main.scala.html. Using presentation compiler with project's scala-library version: 3.3.7
Mar 30, 2026 10:46:33 AM org.eclipse.lsp4j.jsonrpc.RemoteEndpoint handleCancellation
WARNING: Unmatched cancel notification for request id 19
2026.03.30 10:46:35 INFO  no build target found for /home/v-guhan-techy/projects/sample-scala/app/views/main.scala.html. Using presentation compiler with project's scala-library version: 3.3.7
2026.03.30 10:46:44 INFO  no build target found for /home/v-guhan-techy/projects/sample-scala/app/views/main.scala.html. Using presentation compiler with project's scala-library version: 3.3.7
2026.03.30 10:47:43 INFO  no build target found for /home/v-guhan-techy/projects/sample-scala/build.sc. Using presentation compiler with project's scala-library version: 3.3.7
Mar 30, 2026 10:47:43 AM org.eclipse.lsp4j.jsonrpc.RemoteEndpoint handleCancellation
WARNING: Unmatched cancel notification for request id 33
2026.03.30 10:47:43 INFO  no build target found for /home/v-guhan-techy/projects/sample-scala/build.sc. Using presentation compiler with project's scala-library version: 3.3.7
2026.03.30 10:47:43 INFO  no build target found for /home/v-guhan-techy/projects/sample-scala/build.sc. Using presentation compiler with project's scala-library version: 3.3.7
2026.03.30 10:47:45 INFO  no build target found for /home/v-guhan-techy/projects/sample-scala/build.sc. Using presentation compiler with project's scala-library version: 3.3.7
2026.03.30 10:47:45 INFO  no build target found for /home/v-guhan-techy/projects/sample-scala/build.sbt. Using presentation compiler with project's scala-library version: 3.3.7
2026.03.30 10:47:45 INFO  no build target found for /home/v-guhan-techy/projects/sample-scala/build.sbt. Using presentation compiler with project's scala-library version: 3.3.7
2026.03.30 10:47:45 INFO  no build target found for /home/v-guhan-techy/projects/sample-scala/build.sbt. Using presentation compiler with project's scala-library version: 3.3.7
Mar 30, 2026 10:47:46 AM org.eclipse.lsp4j.jsonrpc.RemoteEndpoint handleCancellation
WARNING: Unmatched cancel notification for request id 41
2026.03.30 10:47:56 INFO  no build target found for /home/v-guhan-techy/projects/sample-scala/build.sbt. Using presentation compiler with project's scala-library version: 3.3.7
2026.03.30 10:48:02 INFO  no build target found for /home/v-guhan-techy/projects/sample-scala/build.sbt. Using presentation compiler with project's scala-library version: 3.3.7
2026.03.30 10:48:02 INFO  no build target found for /home/v-guhan-techy/projects/sample-scala/build.sbt. Using presentation compiler with project's scala-library version: 3.3.7
2026.03.30 10:48:02 INFO  no build target found for /home/v-guhan-techy/projects/sample-scala/build.sbt. Using presentation compiler with project's scala-library version: 3.3.7
2026.03.30 10:48:08 INFO  no build target found for /home/v-guhan-techy/projects/sample-scala/build.sbt. Using presentation compiler with project's scala-library version: 3.3.7
2026.03.30 10:48:08 INFO  no build target found for /home/v-guhan-techy/projects/sample-scala/build.sc. Using presentation compiler with project's scala-library version: 3.3.7
Mar 30, 2026 10:48:08 AM org.eclipse.lsp4j.jsonrpc.RemoteEndpoint handleCancellation
WARNING: Unmatched cancel notification for request id 58
2026.03.30 10:48:08 INFO  no build target found for /home/v-guhan-techy/projects/sample-scala/build.sc. Using presentation compiler with project's scala-library version: 3.3.7
2026.03.30 10:48:08 INFO  no build target found for /home/v-guhan-techy/projects/sample-scala/build.sc. Using presentation compiler with project's scala-library version: 3.3.7
2026.03.30 10:48:38 INFO  no build target found for /home/v-guhan-techy/projects/sample-scala/build.sc. Using presentation compiler with project's scala-library version: 3.3.7
2026.03.30 10:50:26 INFO  Started: Metals version 1.6.6 in folders '/home/v-guhan-techy/projects/trnasaction_engine' for client Visual Studio Code 1.110.1.
2026.03.30 10:50:26 INFO  Memory monitor started
2026.03.30 10:50:30 WARN  Using H2 2.4.240 which is newer than the version Flyway has been verified with. The latest verified version of H2 is 2.3.232.
